<?xml version="1.0" encoding="UTF-8"?>
<!-- Generated by org.testng.reporters.JUnitXMLReporter -->
<testsuite ignored="0" hostname="MounamukharsMBP.fios-router.home" failures="2" tests="2" name="edureka-Project-SmokeTest" time="50.677" errors="0" timestamp="2020-08-05T08:48:10 EDT">
  <testcase classname="com.mouna.edurekaUATtest.edurekaUATtest.edurekaFinalSmoke" name="validatePageTitle" time="0.67">
    <failure type="java.lang.AssertionError" message="expected [superServe] but found [The Home Depot]">
      <![CDATA[java.lang.AssertionError: expected [superServe] but found [The Home Depot]
at com.mouna.edurekaUATtest.edurekaUATtest.edurekaFinalSmoke.validatePageTitle(edurekaFinalSmoke.java:32)
at java.base/java.util.ArrayList.forEach(ArrayList.java:1540)
... Removed 32 stack frames]]>
    </failure>
  </testcase> <!-- validatePageTitle -->
  <testcase classname="com.mouna.edurekaUATtest.edurekaUATtest.edurekaFinalSmoke" name="validateStringPresent" time="3.394">
    <failure type="java.lang.AssertionError" message="Hello There. This is superServe. : Text not present!">
      <![CDATA[java.lang.AssertionError: Hello There. This is superServe. : Text not present!
at com.mouna.edurekaUATtest.edurekaUATtest.edurekaFinalSmoke.validateStringPresent(edurekaFinalSmoke.java:45)
at java.base/java.util.ArrayList.forEach(ArrayList.java:1540)
... Removed 28 stack frames]]>
    </failure>
  </testcase> <!-- validateStringPresent -->
</testsuite> <!-- edureka-Project-SmokeTest -->
